--------------------------------------------------------------------------------
Release 14.7 Trace  (nt64)
Copyright (c) 1995-2013 Xilinx, Inc.  All rights reserved.

D:\ise\14.7\ISE_DS\ISE\bin\nt64\unwrapped\trce.exe -intstyle ise -v 3 -s 2L -n
3 -fastpaths -xml yiweijicunqi.twx yiweijicunqi.ncd -o yiweijicunqi.twr
yiweijicunqi.pcf -ucf yiweijicunqi.ucf

Design file:              yiweijicunqi.ncd
Physical constraint file: yiweijicunqi.pcf
Device,package,speed:     xc7a100t,fgg484,C,-2L (PRODUCTION 1.10 2013-10-13)
Report level:             verbose report

Environment Variable      Effect 
--------------------      ------ 
NONE                      No environment variables were set
--------------------------------------------------------------------------------

INFO:Timing:2698 - No timing constraints found, doing default enumeration.
INFO:Timing:3412 - To improve timing, see the Timing Closure User Guide (UG612).
INFO:Timing:2752 - To get complete path coverage, use the unconstrained paths 
   option. All paths that are not constrained will be reported in the 
   unconstrained paths section(s) of the report.
INFO:Timing:3339 - The clock-to-out numbers in this timing report are based on 
   a 50 Ohm transmission line loading model.  For the details of this model, 
   and for more information on accounting for different loading conditions, 
   please see the device datasheet.



Data Sheet report:
-----------------
All values displayed in nanoseconds (ns)

Setup/Hold to clock clk
------------+------------+------------+------------+------------+------------------+--------+
            |Max Setup to|  Process   |Max Hold to |  Process   |                  | Clock  |
Source      | clk (edge) |   Corner   | clk (edge) |   Corner   |Internal Clock(s) | Phase  |
------------+------------+------------+------------+------------+------------------+--------+
d<0>        |   -0.190(R)|      FAST  |    2.293(R)|      SLOW  |clk_BUFGP         |   0.000|
d<1>        |   -0.083(R)|      FAST  |    2.084(R)|      SLOW  |clk_BUFGP         |   0.000|
d<2>        |   -0.114(R)|      FAST  |    2.150(R)|      SLOW  |clk_BUFGP         |   0.000|
d<3>        |   -0.304(R)|      FAST  |    2.420(R)|      SLOW  |clk_BUFGP         |   0.000|
oe          |   -0.382(R)|      FAST  |    2.384(R)|      SLOW  |clk_BUFGP         |   0.000|
s<0>        |    0.331(R)|      FAST  |    2.154(R)|      SLOW  |clk_BUFGP         |   0.000|
s<1>        |   -0.011(R)|      FAST  |    2.543(R)|      SLOW  |clk_BUFGP         |   0.000|
------------+------------+------------+------------+------------+------------------+--------+

Clock clk to Pad
------------+-----------------+------------+-----------------+------------+------------------+--------+
            |Max (slowest) clk|  Process   |Min (fastest) clk|  Process   |                  | Clock  |
Destination |  (edge) to PAD  |   Corner   |  (edge) to PAD  |   Corner   |Internal Clock(s) | Phase  |
------------+-----------------+------------+-----------------+------------+------------------+--------+
q<0>        |         8.991(R)|      SLOW  |         3.332(R)|      FAST  |clk_BUFGP         |   0.000|
q<1>        |         9.382(R)|      SLOW  |         3.375(R)|      FAST  |clk_BUFGP         |   0.000|
q<2>        |         9.127(R)|      SLOW  |         3.323(R)|      FAST  |clk_BUFGP         |   0.000|
q<3>        |         9.516(R)|      SLOW  |         3.367(R)|      FAST  |clk_BUFGP         |   0.000|
------------+-----------------+------------+-----------------+------------+------------------+--------+

Clock to Setup on destination clock clk
---------------+---------+---------+---------+---------+
               | Src:Rise| Src:Fall| Src:Rise| Src:Fall|
Source Clock   |Dest:Rise|Dest:Rise|Dest:Fall|Dest:Fall|
---------------+---------+---------+---------+---------+
clk            |    1.374|         |         |         |
---------------+---------+---------+---------+---------+


Analysis completed Wed Dec 22 10:56:48 2021 
--------------------------------------------------------------------------------

Trace Settings:
-------------------------
Trace Settings 

Peak Memory Usage: 4950 MB



